<?xml version="1.0" encoding="UTF-8" ?>
<testsuite errors="0" failures="0" hostname="localhost" name="PalabrasMasUsadasTest" tests="19" time="0.054" timestamp="2014-09-10T14:27:49">
  <properties>
[...]
</properties>
  <testcase classname="PalabrasMasUsadasTest" name="agregarPalabraDosVecesListaMantenerSize" time="0.002" />
  <testcase classname="PalabrasMasUsadasTest" name="agregarPalabraDosVeces" time="0.0" />
  <testcase classname="PalabrasMasUsadasTest" name="obtenerPalabraDeTextoVacio" time="0.0" />
  <testcase classname="PalabrasMasUsadasTest" name="obtenerPalabraDeTextoNoVacio" time="0.001" />
  <testcase classname="PalabrasMasUsadasTest" name="tresVecesPalabraDeTextoNoVacio" time="0.001" />
  <testcase classname="PalabrasMasUsadasTest" name="discrinandoPuntuacion" time="0.0" />
  <testcase classname="PalabrasMasUsadasTest" name="discrinandoPuntuacionDos" time="0.001" />
  <testcase classname="PalabrasMasUsadasTest" name="discrinandoArticulos" time="0.0" />
  <testcase classname="PalabrasMasUsadasTest" name="nNegativoPalabrasMasUsadas" time="0.001" />
  <testcase classname="PalabrasMasUsadasTest" name="nPalabrasMasUsadasListaVacia" time="0.0" />
  <testcase classname="PalabrasMasUsadasTest" name="dosPalabrasMasUsadas" time="0.001" />
  <testcase classname="PalabrasMasUsadasTest" name="tresPalabrasMasUsadas" time="0.0" />
  <testcase classname="PalabrasMasUsadasTest" name="noAgregarPalabraVacia" time="0.0" />
  <testcase classname="PalabrasMasUsadasTest" name="palabraNoExisteConListaVacia" time="0.0" />
  <testcase classname="PalabrasMasUsadasTest" name="palabraNoExisteConListaNoVacia" time="0.0" />
  <testcase classname="PalabrasMasUsadasTest" name="palabraExisteConListaNoVacia" time="0.0" />
  <testcase classname="PalabrasMasUsadasTest" name="incrementarIndicePalabraNoExiste" time="0.0" />
  <testcase classname="PalabrasMasUsadasTest" name="incrementarIndicePalabraExiste" time="0.001" />
  <testcase classname="PalabrasMasUsadasTest" name="agregarPalabra" time="0.0" />
  <system-out><![CDATA[]]></system-out>
  <system-err><![CDATA[]]></system-err>
</testsuite>
